<?xml version="1.0" encoding="UTF-8"?>
<beans xmlns="http://www.springframework.org/schema/beans"
       xmlns:xsi="http://www.w3.org/2001/XMLSchema-instance"
       xsi:schemaLocation="http://www.springframework.org/schema/beans http://www.springframework.org/schema/beans/spring-beans.xsd">

       <!--全局配置地址 -->
       <bean id="globalConfiguration" class="org.springframework.beans.factory.config.PropertiesFactoryBean">
              <!-- 		<property name="location" value="classpath:global.properties"/> -->
              <property name="locations">
                     <list>
                            <!-- 标准配置 -->
                            <value>classpath*:/global.properties</value>
                            <value>classpath*:/important.properties</value>
                     </list>
              </property>
       </bean>

</beans>