<?xml version="1.0" encoding="UTF-8"?>
<beans xmlns="http://www.springframework.org/schema/beans"
	xmlns:xsi="http://www.w3.org/2001/XMLSchema-instance" xmlns:aop="http://www.springframework.org/schema/aop"
	xmlns:context="http://www.springframework.org/schema/context"
	xsi:schemaLocation="http://www.springframework.org/schema/beans http://www.springframework.org/schema/beans/spring-beans.xsd
	http://www.springframework.org/schema/aop http://www.springframework.org/schema/aop/spring-aop.xsd
	http://www.springframework.org/schema/context http://www.springframework.org/schema/context/spring-context.xsd"
	default-lazy-init="false" default-autowire="byName">

	<description>Spring公共配置</description>

	<!--全局配置地址 -->
	<bean id="globalConfiguration" class="org.springframework.beans.factory.config.PropertiesFactoryBean"> 
<!-- 		<property name="location" value="classpath:global.properties"/> -->
		<property name="locations">
			<list>
				<!-- 标准配置 -->
				<value>classpath*:/global.properties</value>
				<value>classpath*:/important.properties</value>
			</list>
		</property>
    </bean>

	<import resource="test-spring-database-sqlite.xml" />
	<aop:aspectj-autoproxy expose-proxy="true" />
	<context:annotation-config />

</beans>